#
# There is insufficient memory for the Java Runtime Environment to continue.
# Native memory allocation (mmap) failed to map 132120576 bytes for G1 virtual space
# Possible reasons:
#   The system is out of physical RAM or swap space
#   The process is running with CompressedOops enabled, and the Java Heap may be blocking the growth of the native heap
# Possible solutions:
#   Reduce memory load on the system
#   Increase physical memory or swap space
#   Check if swap backing store is full
#   Decrease Java heap size (-Xmx/-Xms)
#   Decrease number of Java threads
#   Decrease Java thread stack sizes (-Xss)
#   Set larger code cache with -XX:ReservedCodeCacheSize=
#   JVM is running with Unscaled Compressed Oops mode in which the Java heap is
#     placed in the first 4GB address space. The Java Heap base address is the
#     maximum limit for the native heap growth. Please use -XX:HeapBaseMinAddress
#     to set the Java Heap base and to place the Java Heap above 4GB virtual address.
# This output file may be truncated or incomplete.
#
#  Out of Memory Error (os_windows.cpp:3771), pid=29584, tid=20492
#
# JRE version:  (17.0.7+7) (build )
# Java VM: OpenJDK 64-Bit Server VM (17.0.7+7-b1000.6, mixed mode, sharing, tiered, compressed oops, compressed class ptrs, g1 gc, windows-amd64)
# No core dump will be written. Minidumps are not enabled by default on client versions of Windows
#

---------------  S U M M A R Y ------------

Command Line: git4idea.http.GitAskPassApp Username for 'https://github.com': 

Host: Intel(R) Core(TM) i5-10210U CPU @ 1.60GHz, 8 cores, 7G,  Windows 11 , 64 bit Build 22621 (10.0.22621.3235)
Time: Thu Apr 11 18:04:23 2024 Ulaanbaatar Standard Time elapsed time: 0.327142 seconds (0d 0h 0m 0s)

---------------  T H R E A D  ---------------

Current thread (0x000001839ca5f870):  JavaThread "Unknown thread" [_thread_in_vm, id=20492, stack(0x0000006d02600000,0x0000006d02700000)]

Stack: [0x0000006d02600000,0x0000006d02700000]
Native frames: (J=compiled Java code, j=interpreted, Vv=VM code, C=native code)
V  [jvm.dll+0x683bfa]
V  [jvm.dll+0x8430a4]
V  [jvm.dll+0x8449be]
V  [jvm.dll+0x845023]
V  [jvm.dll+0x24ad2f]
V  [jvm.dll+0x680ac9]
V  [jvm.dll+0x67519a]
V  [jvm.dll+0x30b3cb]
V  [jvm.dll+0x312876]
V  [jvm.dll+0x36221e]
V  [jvm.dll+0x36244f]
V  [jvm.dll+0x2e14a8]
V  [jvm.dll+0x2e2414]
V  [jvm.dll+0x814391]
V  [jvm.dll+0x36ffe1]
V  [jvm.dll+0x7f396c]
V  [jvm.dll+0x3f305f]
V  [jvm.dll+0x3f4b91]
C  [jli.dll+0x528f]
C  [ucrtbase.dll+0x29363]
C  [KERNEL32.DLL+0x1257d]
C  [ntdll.dll+0x5aa58]


---------------  P R O C E S S  ---------------

Threads class SMR info:
_java_thread_list=0x00007ff826d0d098, length=0, elements={
}

Java Threads: ( => current thread )

Other Threads:
  0x000001839cab9530 GCTaskThread "GC Thread#0" [stack: 0x0000006d02700000,0x0000006d02800000] [id=23700]
  0x000001839cac9fb0 ConcurrentGCThread "G1 Main Marker" [stack: 0x0000006d02800000,0x0000006d02900000] [id=32968]
  0x000001839caca9c0 ConcurrentGCThread "G1 Conc#0" [stack: 0x0000006d02900000,0x0000006d02a00000] [id=39496]

[error occurred during error reporting (printing all threads), id 0xc0000005, EXCEPTION_ACCESS_VIOLATION (0xc0000005) at pc=0x00007ff8264c2087]

VM state: not at safepoint (not fully initialized)

VM Mutex/Monitor currently owned by a thread:  ([mutex/lock_event])
[0x000001839ca5b3a0] Heap_lock - owner thread: 0x000001839ca5f870

Heap address: 0x0000000082600000, size: 2010 MB, Compressed Oops mode: 32-bit

CDS archive(s) mapped at: [0x0000000000000000-0x0000000000000000-0x0000000000000000), size 0, SharedBaseAddress: 0x0000000800000000, ArchiveRelocationMode: 0.
Narrow klass base: 0x0000000000000000, Narrow klass shift: 0, Narrow klass range: 0x0

GC Precious Log:
<Empty>

Heap:
 garbage-first heap   total 0K, used 0K [0x0000000082600000, 0x0000000100000000)
  region size 1024K, 0 young (0K), 0 survivors (0K)
 Metaspace       used 0K, committed 0K, reserved 0K
  class space    used 0K, committed 0K, reserved 0K

Heap Regions: E=young(eden), S=young(survivor), O=old, HS=humongous(starts), HC=humongous(continues), CS=collection set, F=free, OA=open archive, CA=closed archive, TAMS=top-at-mark-start (previous, next)

Card table byte_map: [0x00000183af8f0000,0x00000183afce0000] _byte_map_base: 0x00000183af4dd000

Marking Bits (Prev, Next): (CMBitMap*) 0x000001839cab9b40, (CMBitMap*) 0x000001839cab9b80
 Prev Bits: [0x00000183b00d0000, 0x00000183b2038000)
 Next Bits: [0x00000183b2040000, 0x00000183b3fa8000)

GC Heap History (0 events):
No events

Dll operation events (1 events):
Event: 0.237 Loaded shared library C:\Program Files\JetBrains\PyCharm 2023.2\jbr\bin\java.dll

Deoptimization events (0 events):
No events

Classes unloaded (0 events):
No events

Classes redefined (0 events):
No events

Internal exceptions (0 events):
No events

VM Operations (0 events):
No events

Events (0 events):
No events


Dynamic libraries:
0x00007ff6cba00000 - 0x00007ff6cba0a000 	C:\Program Files\JetBrains\PyCharm 2023.2\jbr\bin\java.exe
0x00007ff8b0df0000 - 0x00007ff8b1006000 	C:\WINDOWS\SYSTEM32\ntdll.dll
0x00007ff8af9d0000 - 0x00007ff8afa94000 	C:\WINDOWS\System32\KERNEL32.DLL
0x00007ff8ae690000 - 0x00007ff8aea36000 	C:\WINDOWS\System32\KERNELBASE.dll
0x00007ff8ae130000 - 0x00007ff8ae241000 	C:\WINDOWS\System32\ucrtbase.dll
0x00007ff88a210000 - 0x00007ff88a22b000 	C:\Program Files\JetBrains\PyCharm 2023.2\jbr\bin\VCRUNTIME140.dll
0x00007ff886810000 - 0x00007ff886827000 	C:\Program Files\JetBrains\PyCharm 2023.2\jbr\bin\jli.dll
0x00007ff8afd40000 - 0x00007ff8afeed000 	C:\WINDOWS\System32\USER32.dll
0x00007ff8aea70000 - 0x00007ff8aea96000 	C:\WINDOWS\System32\win32u.dll
0x00007ff8aec40000 - 0x00007ff8aec69000 	C:\WINDOWS\System32\GDI32.dll
0x00007ff8ae250000 - 0x00007ff8ae368000 	C:\WINDOWS\System32\gdi32full.dll
0x00007ff8aeaa0000 - 0x00007ff8aeb3a000 	C:\WINDOWS\System32\msvcp_win.dll
0x00007ff88e830000 - 0x00007ff88eac3000 	C:\WINDOWS\WinSxS\amd64_microsoft.windows.common-controls_6595b64144ccf1df_6.0.22621.3235_none_270f74e173860f98\COMCTL32.dll
0x00007ff8b0300000 - 0x00007ff8b03a7000 	C:\WINDOWS\System32\msvcrt.dll
0x00007ff8af050000 - 0x00007ff8af081000 	C:\WINDOWS\System32\IMM32.DLL
0x00007ff88f4e0000 - 0x00007ff88f4ec000 	C:\Program Files\JetBrains\PyCharm 2023.2\jbr\bin\vcruntime140_1.dll
0x00007ff8622f0000 - 0x00007ff86237d000 	C:\Program Files\JetBrains\PyCharm 2023.2\jbr\bin\msvcp140.dll
0x00007ff8261d0000 - 0x00007ff826e50000 	C:\Program Files\JetBrains\PyCharm 2023.2\jbr\bin\server\jvm.dll
0x00007ff8af1a0000 - 0x00007ff8af252000 	C:\WINDOWS\System32\ADVAPI32.dll
0x00007ff8aec70000 - 0x00007ff8aed18000 	C:\WINDOWS\System32\sechost.dll
0x00007ff8aea40000 - 0x00007ff8aea68000 	C:\WINDOWS\System32\bcrypt.dll
0x00007ff8b0c80000 - 0x00007ff8b0d95000 	C:\WINDOWS\System32\RPCRT4.dll
0x00007ff8a5700000 - 0x00007ff8a5734000 	C:\WINDOWS\SYSTEM32\WINMM.dll
0x00007ff8a55f0000 - 0x00007ff8a55fa000 	C:\WINDOWS\SYSTEM32\VERSION.dll
0x00007ff89f780000 - 0x00007ff89f789000 	C:\WINDOWS\SYSTEM32\WSOCK32.dll
0x00007ff8af7b0000 - 0x00007ff8af821000 	C:\WINDOWS\System32\WS2_32.dll
0x00007ff8ad220000 - 0x00007ff8ad238000 	C:\WINDOWS\SYSTEM32\kernel.appcore.dll
0x00007ff89f440000 - 0x00007ff89f44a000 	C:\Program Files\JetBrains\PyCharm 2023.2\jbr\bin\jimage.dll
0x00007ff8aba40000 - 0x00007ff8abc73000 	C:\WINDOWS\SYSTEM32\DBGHELP.DLL
0x00007ff8aff70000 - 0x00007ff8b02f8000 	C:\WINDOWS\System32\combase.dll
0x00007ff8afc60000 - 0x00007ff8afd37000 	C:\WINDOWS\System32\OLEAUT32.dll
0x00007ff88a630000 - 0x00007ff88a662000 	C:\WINDOWS\SYSTEM32\dbgcore.DLL
0x00007ff8ae370000 - 0x00007ff8ae3ea000 	C:\WINDOWS\System32\bcryptPrimitives.dll
0x00007ff896770000 - 0x00007ff896795000 	C:\Program Files\JetBrains\PyCharm 2023.2\jbr\bin\java.dll

dbghelp: loaded successfully - version: 4.0.5 - missing functions: none
symbol engine: initialized successfully - sym options: 0x614 - pdb path: .;C:\Program Files\JetBrains\PyCharm 2023.2\jbr\bin;C:\WINDOWS\SYSTEM32;C:\WINDOWS\WinSxS\amd64_microsoft.windows.common-controls_6595b64144ccf1df_6.0.22621.3235_none_270f74e173860f98;C:\Program Files\JetBrains\PyCharm 2023.2\jbr\bin\server

VM Arguments:
java_command: git4idea.http.GitAskPassApp Username for 'https://github.com': 
java_class_path (initial): C:/Program Files/JetBrains/PyCharm 2023.2/plugins/vcs-git/lib/git4idea-rt.jar;C:/Program Files/JetBrains/PyCharm 2023.2/lib/externalProcess-rt.jar
Launcher Type: SUN_STANDARD

[Global flags]
     intx CICompilerCount                          = 4                                         {product} {ergonomic}
     uint ConcGCThreads                            = 2                                         {product} {ergonomic}
     uint G1ConcRefinementThreads                  = 8                                         {product} {ergonomic}
   size_t G1HeapRegionSize                         = 1048576                                   {product} {ergonomic}
    uintx GCDrainStackTargetSize                   = 64                                        {product} {ergonomic}
   size_t InitialHeapSize                          = 132120576                                 {product} {ergonomic}
   size_t MarkStackSize                            = 4194304                                   {product} {ergonomic}
   size_t MaxHeapSize                              = 2107637760                                {product} {ergonomic}
   size_t MinHeapDeltaBytes                        = 1048576                                   {product} {ergonomic}
   size_t MinHeapSize                              = 8388608                                   {product} {ergonomic}
    uintx NonNMethodCodeHeapSize                   = 5839372                                {pd product} {ergonomic}
    uintx NonProfiledCodeHeapSize                  = 122909434                              {pd product} {ergonomic}
    uintx ProfiledCodeHeapSize                     = 122909434                              {pd product} {ergonomic}
    uintx ReservedCodeCacheSize                    = 251658240                              {pd product} {ergonomic}
     bool SegmentedCodeCache                       = true                                      {product} {ergonomic}
   size_t SoftMaxHeapSize                          = 2107637760                             {manageable} {ergonomic}
     bool UseCompressedClassPointers               = true                           {product lp64_product} {ergonomic}
     bool UseCompressedOops                        = true                           {product lp64_product} {ergonomic}
     bool UseG1GC                                  = true                                      {product} {ergonomic}
     bool UseLargePagesIndividualAllocation        = false                                  {pd product} {ergonomic}

Logging:
Log output configuration:
 #0: stdout all=warning uptime,level,tags
 #1: stderr all=off uptime,level,tags

Environment Variables:
PATH=C:/Program Files/Git/mingw64/libexec/git-core;C:/Program Files/Git/mingw64/libexec/git-core;C:\Program Files\Git\mingw64\bin;C:\Program Files\Git\usr\bin;C:\Users\pc\bin;C:\Program Files (x86)\Common Files\Intel\Shared Libraries\redist\intel64\compiler;C:\Program Files\Microsoft\jdk-11.0.16.101-hotspot\bin;C:\Program Files\Common Files\Oracle\Java\javapath;C:\ProgramData\Oracle\Java\javapath;C:\WINDOWS\system32;C:\WINDOWS;C:\WINDOWS\System32\Wbem;C:\WINDOWS\System32\WindowsPowerShell\v1.0\;C:\WINDOWS\System32\OpenSSH\;C:\Program Files\MATLAB\R2014a\runtime\win64;C:\Program Files\MATLAB\R2014a\bin;C:\Program Files\MATLAB\R2014a\polyspace\bin;C:\Program Files\Microsoft SQL Server\150\Tools\Binn\;C:\Program Files\Git\cmd;C:\Program Files\dotnet\;C:\Users\pc\AppData\Local\Programs\Python\Python311;C:\Users\pc\AppData\Local\Programs\Python\Python311\Scripts;C:\xampp\php;C:\ProgramData\ComposerSetup\bin;C:\Users\pc\AppData\Local\Programs\Python\Launcher\;C:\Users\pc\AppData\Local\Microsoft\WindowsApps;C:\Users\pc\.dotnet\tools;C:\Users\pc\AppData\Roaming\Composer\vendor\bin
USERNAME=pc
DISPLAY=:0.0
LC_ALL=en_US.UTF-8
TERM=xterm-256color
TMPDIR=C:\Users\pc\AppData\Local\Temp
OS=Windows_NT
PROCESSOR_IDENTIFIER=Intel64 Family 6 Model 142 Stepping 12, GenuineIntel
TMP=C:\Users\pc\AppData\Local\Temp
TEMP=C:\Users\pc\AppData\Local\Temp


JNI global refs:
JNI global refs: 0, weak refs: 0

JNI global refs memory usage: 0, weak refs: 0

OOME stack traces (most recent first):
Classloader memory used:


---------------  S Y S T E M  ---------------

OS:
 Windows 11 , 64 bit Build 22621 (10.0.22621.3235)
OS uptime: 9 days 13:13 hours
Hyper-V role detected

CPU: total 8 (initial active 8) (4 cores per cpu, 2 threads per core) family 6 model 142 stepping 12 microcode 0xfa, cx8, cmov, fxsr, ht, mmx, 3dnowpref, sse, sse2, sse3, ssse3, sse4.1, sse4.2, popcnt, lzcnt, tsc, tscinvbit, avx, avx2, aes, erms, clmul, bmi1, bmi2, adx, fma, vzeroupper, clflush, clflushopt, hv

Memory: 4k page, system-wide physical 8038M (48M free)
TotalPageFile size 32614M (AvailPageFile size 8M)
current process WorkingSet (physical memory assigned to process): 10M, peak: 10M
current process commit charge ("private bytes"): 60M, peak: 186M

vm_info: OpenJDK 64-Bit Server VM (17.0.7+7-b1000.6) for windows-amd64 JRE (17.0.7+7-b1000.6), built on 2023-07-07 by "builduser" with MS VC++ 16.10 / 16.11 (VS2019)

END.
